{
  "stats": {
    "suites": 0,
    "tests": 4,
    "passes": 4,
    "pending": 0,
    "failures": 0,
    "start": "2022-09-16T08:18:54.587Z",
    "end": "2022-09-16T08:19:09.184Z",
    "duration": 14597,
    "testsRegistered": 4,
    "passPercent": 100,
    "pendingPercent": 0,
    "other": 0,
    "hasOther": false,
    "skipped": 0,
    "hasSkipped": false
  },
  "results": [
    {
      "uuid": "50801001-53c1-4c75-a289-a299f8a6e12c",
      "title": "",
      "fullFile": "cypress\\e2e\\DemoRegistration.cy.js",
      "file": "cypress\\e2e\\DemoRegistration.cy.js",
      "beforeHooks": [],
      "afterHooks": [],
      "tests": [
        {
          "title": "T1:user is on Home page",
          "fullTitle": "T1:user is on Home page",
          "timedOut": null,
          "duration": 5677,
          "state": "passed",
          "speed": "medium",
          "pass": true,
          "fail": false,
          "pending": false,
          "context": null,
          "code": "cy.visit('https://www.zoopla.co.uk/');",
          "err": {},
          "uuid": "161fcc59-1894-4b45-8790-a162b0051b97",
          "parentUUID": "50801001-53c1-4c75-a289-a299f8a6e12c",
          "isHook": false,
          "skipped": false
        },
        {
          "title": "T2:user clicks on registration link",
          "fullTitle": "T2:user clicks on registration link",
          "timedOut": null,
          "duration": 4296,
          "state": "passed",
          "speed": "fast",
          "pass": true,
          "fail": false,
          "pending": false,
          "context": null,
          "code": "cy.get(':nth-child(3) > .c-kPcuI > .c-PJLV').click();\ncy.get('[data-testid=\"sign-in-page-header-register-link\"]').click();",
          "err": {},
          "uuid": "7c9c1ea0-7489-4fa5-9013-5a3c8bada1bb",
          "parentUUID": "50801001-53c1-4c75-a289-a299f8a6e12c",
          "isHook": false,
          "skipped": false
        },
        {
          "title": "T3:user enters details on registration form",
          "fullTitle": "T3:user enters details on registration form",
          "timedOut": null,
          "duration": 891,
          "state": "passed",
          "speed": "fast",
          "pass": true,
          "fail": false,
          "pending": false,
          "context": null,
          "code": "cy.get('#email').type('samuelwitwicky56@gmail.com');\ncy.get('#password').type('kanhu143');",
          "err": {},
          "uuid": "bc5c5c86-fb18-4927-ae1f-664eb22cbe8f",
          "parentUUID": "50801001-53c1-4c75-a289-a299f8a6e12c",
          "isHook": false,
          "skipped": false
        },
        {
          "title": "T4:user clicks on registration Button",
          "fullTitle": "T4:user clicks on registration Button",
          "timedOut": null,
          "duration": 244,
          "state": "passed",
          "speed": "fast",
          "pass": true,
          "fail": false,
          "pending": false,
          "context": null,
          "code": "cy.get('#no').click();\ncy.get('[data-testid=\"register-button\"]').click();",
          "err": {},
          "uuid": "2c702052-7630-4c9e-891c-4e02007b54b6",
          "parentUUID": "50801001-53c1-4c75-a289-a299f8a6e12c",
          "isHook": false,
          "skipped": false
        }
      ],
      "suites": [],
      "passes": [
        "161fcc59-1894-4b45-8790-a162b0051b97",
        "7c9c1ea0-7489-4fa5-9013-5a3c8bada1bb",
        "bc5c5c86-fb18-4927-ae1f-664eb22cbe8f",
        "2c702052-7630-4c9e-891c-4e02007b54b6"
      ],
      "failures": [],
      "pending": [],
      "skipped": [],
      "duration": 11108,
      "root": true,
      "rootEmpty": false,
      "_timeout": 2000
    }
  ],
  "meta": {
    "mocha": {
      "version": "7.0.1"
    },
    "mochawesome": {
      "options": {
        "quiet": false,
        "reportFilename": "mochawesome",
        "saveHtml": false,
        "saveJson": true,
        "consoleReporter": "spec",
        "useInlineDiffs": false,
        "code": true
      },
      "version": "7.1.3"
    },
    "marge": {
      "options": {
        "charts": true,
        "overwrite": false,
        "html": false,
        "json": true,
        "reportDir": "cypress/reports"
      },
      "version": "6.2.0"
    }
  }
}