{
  "stats": {
    "suites": 1,
    "tests": 1,
    "passes": 1,
    "pending": 0,
    "failures": 0,
    "start": "2022-09-16T08:19:13.554Z",
    "end": "2022-09-16T08:19:15.065Z",
    "duration": 1511,
    "testsRegistered": 1,
    "passPercent": 100,
    "pendingPercent": 0,
    "other": 0,
    "hasOther": false,
    "skipped": 0,
    "hasSkipped": false
  },
  "results": [
    {
      "uuid": "2c6d07f6-018a-4723-aa51-2d468d79b7fa",
      "title": "",
      "fullFile": "cypress\\e2e\\fileUploadandDowload.cy.js",
      "file": "cypress\\e2e\\fileUploadandDowload.cy.js",
      "beforeHooks": [],
      "afterHooks": [],
      "tests": [],
      "suites": [
        {
          "uuid": "1b7e84de-8ca3-44c6-9e61-e8fddc542e67",
          "title": " All file download test",
          "fullFile": "",
          "file": "",
          "beforeHooks": [],
          "afterHooks": [],
          "tests": [
            {
              "title": "file download",
              "fullTitle": " All file download test file download",
              "timedOut": null,
              "duration": 1483,
              "state": "passed",
              "speed": "fast",
              "pass": true,
              "fail": false,
              "pending": false,
              "context": null,
              "code": "cy.downloadFile('https://upload.wikimedia.org/wikipedia/en/a/a9/Example.jpg', 'mydownloads', 'example.jpg');",
              "err": {},
              "uuid": "b9b26cf3-aea1-49e1-b5fa-ddf4b660e381",
              "parentUUID": "1b7e84de-8ca3-44c6-9e61-e8fddc542e67",
              "isHook": false,
              "skipped": false
            }
          ],
          "suites": [],
          "passes": [
            "b9b26cf3-aea1-49e1-b5fa-ddf4b660e381"
          ],
          "failures": [],
          "pending": [],
          "skipped": [],
          "duration": 1483,
          "root": false,
          "rootEmpty": false,
          "_timeout": 2000
        }
      ],
      "passes": [],
      "failures": [],
      "pending": [],
      "skipped": [],
      "duration": 0,
      "root": true,
      "rootEmpty": true,
      "_timeout": 2000
    }
  ],
  "meta": {
    "mocha": {
      "version": "7.0.1"
    },
    "mochawesome": {
      "options": {
        "quiet": false,
        "reportFilename": "mochawesome",
        "saveHtml": false,
        "saveJson": true,
        "consoleReporter": "spec",
        "useInlineDiffs": false,
        "code": true
      },
      "version": "7.1.3"
    },
    "marge": {
      "options": {
        "charts": true,
        "overwrite": false,
        "html": false,
        "json": true,
        "reportDir": "cypress/reports"
      },
      "version": "6.2.0"
    }
  }
}