{
  "stats": {
    "suites": 0,
    "tests": 3,
    "passes": 3,
    "pending": 0,
    "failures": 0,
    "start": "2022-09-16T08:17:54.155Z",
    "end": "2022-09-16T08:18:45.843Z",
    "duration": 51688,
    "testsRegistered": 3,
    "passPercent": 100,
    "pendingPercent": 0,
    "other": 0,
    "hasOther": false,
    "skipped": 0,
    "hasSkipped": false
  },
  "results": [
    {
      "uuid": "fb28c651-5ab3-4501-b846-db79603adc9f",
      "title": "",
      "fullFile": "cypress\\e2e\\DemoLogin.cy.js",
      "file": "cypress\\e2e\\DemoLogin.cy.js",
      "beforeHooks": [],
      "afterHooks": [],
      "tests": [
        {
          "title": "T1:user on login page",
          "fullTitle": "T1:user on login page",
          "timedOut": null,
          "duration": 30627,
          "state": "passed",
          "speed": "slow",
          "pass": true,
          "fail": false,
          "pending": false,
          "context": null,
          "code": "cy.visit('http://automationpractice.com/index.php');\ncy.get('.login').click();",
          "err": {},
          "uuid": "13f37dc5-f80d-4c70-8567-74df9e6b5c4f",
          "parentUUID": "fb28c651-5ab3-4501-b846-db79603adc9f",
          "isHook": false,
          "skipped": false
        },
        {
          "title": "T2:User enters username and password",
          "fullTitle": "T2:User enters username and password",
          "timedOut": null,
          "duration": 14019,
          "state": "passed",
          "speed": "slow",
          "pass": true,
          "fail": false,
          "pending": false,
          "context": null,
          "code": "cy.get('#email').type('samuelwitwicky56@gmail.com');\ncy.get('#passwd').type('kanhu143');\ncy.get('#SubmitLogin > span').click();",
          "err": {},
          "uuid": "44ed8c1a-fcb0-4ff5-a99b-3d5938fe98b0",
          "parentUUID": "fb28c651-5ab3-4501-b846-db79603adc9f",
          "isHook": false,
          "skipped": false
        },
        {
          "title": "T3:User Login is successful",
          "fullTitle": "T3:User Login is successful",
          "timedOut": null,
          "duration": 24,
          "state": "passed",
          "speed": "fast",
          "pass": true,
          "fail": false,
          "pending": false,
          "context": null,
          "code": "cy.title().should('eq', 'My account - My Store');",
          "err": {},
          "uuid": "859c6758-5881-4f20-8a7c-d8753a1cefd3",
          "parentUUID": "fb28c651-5ab3-4501-b846-db79603adc9f",
          "isHook": false,
          "skipped": false
        }
      ],
      "suites": [],
      "passes": [
        "13f37dc5-f80d-4c70-8567-74df9e6b5c4f",
        "44ed8c1a-fcb0-4ff5-a99b-3d5938fe98b0",
        "859c6758-5881-4f20-8a7c-d8753a1cefd3"
      ],
      "failures": [],
      "pending": [],
      "skipped": [],
      "duration": 44670,
      "root": true,
      "rootEmpty": false,
      "_timeout": 2000
    }
  ],
  "meta": {
    "mocha": {
      "version": "7.0.1"
    },
    "mochawesome": {
      "options": {
        "quiet": false,
        "reportFilename": "mochawesome",
        "saveHtml": false,
        "saveJson": true,
        "consoleReporter": "spec",
        "useInlineDiffs": false,
        "code": true
      },
      "version": "7.1.3"
    },
    "marge": {
      "options": {
        "charts": true,
        "overwrite": false,
        "html": false,
        "json": true,
        "reportDir": "cypress/reports"
      },
      "version": "6.2.0"
    }
  }
}