{
  "stats": {
    "suites": 2,
    "tests": 2,
    "passes": 2,
    "pending": 0,
    "failures": 0,
    "start": "2022-09-16T08:19:38.737Z",
    "end": "2022-09-16T08:19:41.988Z",
    "duration": 3251,
    "testsRegistered": 2,
    "passPercent": 100,
    "pendingPercent": 0,
    "other": 0,
    "hasOther": false,
    "skipped": 0,
    "hasSkipped": false
  },
  "results": [
    {
      "uuid": "d05b944f-0d3f-4c1e-9f2e-9d27c6d1a00e",
      "title": "",
      "fullFile": "cypress\\e2e\\login.cy.ts",
      "file": "cypress\\e2e\\login.cy.ts",
      "beforeHooks": [],
      "afterHooks": [],
      "tests": [],
      "suites": [
        {
          "uuid": "02cba885-ff08-4fd4-a164-7f071cc4385c",
          "title": "AllLogin test",
          "fullFile": "",
          "file": "",
          "beforeHooks": [],
          "afterHooks": [],
          "tests": [
            {
              "title": "T1:user on login page",
              "fullTitle": "AllLogin test T1:user on login page",
              "timedOut": null,
              "duration": 1280,
              "state": "passed",
              "speed": "fast",
              "pass": true,
              "fail": false,
              "pending": false,
              "context": null,
              "code": "loginPage.navigate('https://trytestingthis.netlify.app/');\nloginPage.enterUsername('test');\nloginPage.enterPassword('test');\nloginPage.clickLogin();",
              "err": {},
              "uuid": "d7edb0db-e168-456e-b233-873a0e164a88",
              "parentUUID": "02cba885-ff08-4fd4-a164-7f071cc4385c",
              "isHook": false,
              "skipped": false
            }
          ],
          "suites": [],
          "passes": [
            "d7edb0db-e168-456e-b233-873a0e164a88"
          ],
          "failures": [],
          "pending": [],
          "skipped": [],
          "duration": 1280,
          "root": false,
          "rootEmpty": false,
          "_timeout": 2000
        },
        {
          "uuid": "a9f6ce6c-a6a9-43c2-b45a-ccff6e60a2c9",
          "title": "Get Table data",
          "fullFile": "",
          "file": "",
          "beforeHooks": [],
          "afterHooks": [],
          "tests": [
            {
              "title": "T1:user data on home page",
              "fullTitle": "Get Table data T1:user data on home page",
              "timedOut": null,
              "duration": 240,
              "state": "passed",
              "speed": "fast",
              "pass": true,
              "fail": false,
              "pending": false,
              "context": null,
              "code": "loginPage.navigate('https://trytestingthis.netlify.app/');\n//cy.get('tbody > :nth-child(2) > :nth-child(1)')\n//cy.get('tbody>tr').eq()\n// cy.get('tbody > :nth-child(2) > :nth-child(4)')\n// .then(function(Field) {\n// const Fieldtext = Field.text();\n// expect(Fieldtext).to.equal(\"27\");})",
              "err": {},
              "uuid": "7ad71ef6-2595-4525-8566-ea4edeeded65",
              "parentUUID": "a9f6ce6c-a6a9-43c2-b45a-ccff6e60a2c9",
              "isHook": false,
              "skipped": false
            }
          ],
          "suites": [],
          "passes": [
            "7ad71ef6-2595-4525-8566-ea4edeeded65"
          ],
          "failures": [],
          "pending": [],
          "skipped": [],
          "duration": 240,
          "root": false,
          "rootEmpty": false,
          "_timeout": 2000
        }
      ],
      "passes": [],
      "failures": [],
      "pending": [],
      "skipped": [],
      "duration": 0,
      "root": true,
      "rootEmpty": true,
      "_timeout": 2000
    }
  ],
  "meta": {
    "mocha": {
      "version": "7.0.1"
    },
    "mochawesome": {
      "options": {
        "quiet": false,
        "reportFilename": "mochawesome",
        "saveHtml": false,
        "saveJson": true,
        "consoleReporter": "spec",
        "useInlineDiffs": false,
        "code": true
      },
      "version": "7.1.3"
    },
    "marge": {
      "options": {
        "charts": true,
        "overwrite": false,
        "html": false,
        "json": true,
        "reportDir": "cypress/reports"
      },
      "version": "6.2.0"
    }
  }
}