{
  "stats": {
    "suites": 0,
    "tests": 1,
    "passes": 1,
    "pending": 0,
    "failures": 0,
    "start": "2022-09-16T08:19:18.258Z",
    "end": "2022-09-16T08:19:32.854Z",
    "duration": 14596,
    "testsRegistered": 1,
    "passPercent": 100,
    "pendingPercent": 0,
    "other": 0,
    "hasOther": false,
    "skipped": 0,
    "hasSkipped": false
  },
  "results": [
    {
      "uuid": "1213406f-acf4-42cf-8549-06ac1340a05c",
      "title": "",
      "fullFile": "cypress\\e2e\\GoogleSearch.cy.js",
      "file": "cypress\\e2e\\GoogleSearch.cy.js",
      "beforeHooks": [],
      "afterHooks": [],
      "tests": [
        {
          "title": "google test",
          "fullTitle": "google test",
          "timedOut": null,
          "duration": 12495,
          "state": "passed",
          "speed": "slow",
          "pass": true,
          "fail": false,
          "pending": false,
          "context": null,
          "code": "cy.visit('http://google.com');\ncy.get('.gLFyf', {\n  timeout: 6000\n}).type('Ascendion-collabera{enter}'); //cy.get('#rso > :nth-child(2) > .MjjYud > .g > .kvH3mc > .jGGQ5e > .yuRUbf > a > .TbwUpd > .iUh30').click()\ncy.wait(5000);\ncy.contains('Videos').click();",
          "err": {},
          "uuid": "093d222a-a48b-479f-b6a6-d18db3f2d026",
          "parentUUID": "1213406f-acf4-42cf-8549-06ac1340a05c",
          "isHook": false,
          "skipped": false
        }
      ],
      "suites": [],
      "passes": [
        "093d222a-a48b-479f-b6a6-d18db3f2d026"
      ],
      "failures": [],
      "pending": [],
      "skipped": [],
      "duration": 12495,
      "root": true,
      "rootEmpty": false,
      "_timeout": 2000
    }
  ],
  "meta": {
    "mocha": {
      "version": "7.0.1"
    },
    "mochawesome": {
      "options": {
        "quiet": false,
        "reportFilename": "mochawesome",
        "saveHtml": false,
        "saveJson": true,
        "consoleReporter": "spec",
        "useInlineDiffs": false,
        "code": true
      },
      "version": "7.1.3"
    },
    "marge": {
      "options": {
        "charts": true,
        "overwrite": false,
        "html": false,
        "json": true,
        "reportDir": "cypress/reports"
      },
      "version": "6.2.0"
    }
  }
}