{
  "stats": {
    "suites": 2,
    "tests": 3,
    "passes": 3,
    "pending": 0,
    "failures": 0,
    "start": "2022-09-16T08:19:45.600Z",
    "end": "2022-09-16T08:19:45.719Z",
    "duration": 119,
    "testsRegistered": 3,
    "passPercent": 100,
    "pendingPercent": 0,
    "other": 0,
    "hasOther": false,
    "skipped": 0,
    "hasSkipped": false
  },
  "results": [
    {
      "uuid": "f5202bf7-bb23-430c-ba43-c624f6190804",
      "title": "",
      "fullFile": "cypress\\e2e\\readWriteFile.cy.js",
      "file": "cypress\\e2e\\readWriteFile.cy.js",
      "beforeHooks": [],
      "afterHooks": [],
      "tests": [],
      "suites": [
        {
          "uuid": "8c610394-3dd6-4c42-8cc2-a8f5af1255c4",
          "title": "All Read Test",
          "fullFile": "",
          "file": "",
          "beforeHooks": [],
          "afterHooks": [],
          "tests": [
            {
              "title": "Read File using fixture",
              "fullTitle": "All Read Test Read File using fixture",
              "timedOut": null,
              "duration": 39,
              "state": "passed",
              "speed": "fast",
              "pass": true,
              "fail": false,
              "pending": false,
              "context": null,
              "code": "cy.fixture(\"example.json\").then(data => {\n  cy.log(data.name);\n  cy.log(data.email);\n});\ncy.log(this.test_data.name);",
              "err": {},
              "uuid": "67b48b34-ee6f-442c-b09c-f5f38c0764a0",
              "parentUUID": "8c610394-3dd6-4c42-8cc2-a8f5af1255c4",
              "isHook": false,
              "skipped": false
            },
            {
              "title": "Read File using readFile function",
              "fullTitle": "All Read Test Read File using readFile function",
              "timedOut": null,
              "duration": 24,
              "state": "passed",
              "speed": "fast",
              "pass": true,
              "fail": false,
              "pending": false,
              "context": null,
              "code": "cy.readFile('../Project1/cypress/fixtures/example.json').then(data => {\n  cy.log(data.name);\n  cy.log(data.email);\n});",
              "err": {},
              "uuid": "bef10833-01ca-4388-88d2-ca40e5fd4d75",
              "parentUUID": "8c610394-3dd6-4c42-8cc2-a8f5af1255c4",
              "isHook": false,
              "skipped": false
            }
          ],
          "suites": [],
          "passes": [
            "67b48b34-ee6f-442c-b09c-f5f38c0764a0",
            "bef10833-01ca-4388-88d2-ca40e5fd4d75"
          ],
          "failures": [],
          "pending": [],
          "skipped": [],
          "duration": 63,
          "root": false,
          "rootEmpty": false,
          "_timeout": 2000
        },
        {
          "uuid": "b7fc12fb-485a-46bc-ac73-f6512f4767d2",
          "title": "All Write Test",
          "fullFile": "",
          "file": "",
          "beforeHooks": [],
          "afterHooks": [],
          "tests": [
            {
              "title": "Write File Demo",
              "fullTitle": "All Write Test Write File Demo",
              "timedOut": null,
              "duration": 27,
              "state": "passed",
              "speed": "fast",
              "pass": true,
              "fail": false,
              "pending": false,
              "context": null,
              "code": "cy.writeFile('../Project1/cypress/downloads/sample.txt', 'Hello World\\n');\ncy.writeFile('../Project1/cypress/downloads/sample.txt', 'learning cypress', {\n  flag: 'a+'\n});",
              "err": {},
              "uuid": "f7e76518-b40a-4d6e-813f-f78246d8aedb",
              "parentUUID": "b7fc12fb-485a-46bc-ac73-f6512f4767d2",
              "isHook": false,
              "skipped": false
            }
          ],
          "suites": [],
          "passes": [
            "f7e76518-b40a-4d6e-813f-f78246d8aedb"
          ],
          "failures": [],
          "pending": [],
          "skipped": [],
          "duration": 27,
          "root": false,
          "rootEmpty": false,
          "_timeout": 2000
        }
      ],
      "passes": [],
      "failures": [],
      "pending": [],
      "skipped": [],
      "duration": 0,
      "root": true,
      "rootEmpty": true,
      "_timeout": 2000
    }
  ],
  "meta": {
    "mocha": {
      "version": "7.0.1"
    },
    "mochawesome": {
      "options": {
        "quiet": false,
        "reportFilename": "mochawesome",
        "saveHtml": false,
        "saveJson": true,
        "consoleReporter": "spec",
        "useInlineDiffs": false,
        "code": true
      },
      "version": "7.1.3"
    },
    "marge": {
      "options": {
        "charts": true,
        "overwrite": false,
        "html": false,
        "json": true,
        "reportDir": "cypress/reports"
      },
      "version": "6.2.0"
    }
  }
}